[2025-01-31 23:34:48] An Update of Monkeypox Outbreak in Nigeria_011124_44.pdf - cURL error 28: Operation timed out after 30000 milliseconds with 2529490924208128 out of 3758912427786240 bytes received (see https://curl.haxx.se/libcurl/c/libcurl-errors.html)
[2025-01-31 23:35:23] An Update of Monkeypox Outbreak in Nigeria_241024_43.pdf - cURL error 28: Operation timed out after 30000 milliseconds with 801007105736704 out of 4589060886626304 bytes received (see https://curl.haxx.se/libcurl/c/libcurl-errors.html)
[2025-01-31 23:36:14] An Update of Monkeypox Outbreak in Nigeria_031024_40.pdf - cURL error 28: Operation timed out after 30000 milliseconds with 1685065994076160 out of 4731018145693696 bytes received (see https://curl.haxx.se/libcurl/c/libcurl-errors.html)
[2025-01-31 23:38:05] An Update of Monkeypox Outbreak in Nigeria_110724_28.pdf - cURL error 28: Operation timed out after 30000 milliseconds with 3649914747748352 out of 4154539045289984 bytes received (see https://curl.haxx.se/libcurl/c/libcurl-errors.html)
[2025-01-31 23:39:13] An Update of Monkeypox Outbreak in Nigeria_180424_16.pdf - cURL error 6: OpenSSL SSL_read: SSL_ERROR_SYSCALL, errno 10054 (see https://curl.haxx.se/libcurl/c/libcurl-errors.html)
[2025-01-31 23:39:18] An Update of Monkeypox Outbreak in Nigeria_210324_12.pdf - cURL error 6: Could not resolve host: ncdc.gov.ng (see https://curl.haxx.se/libcurl/c/libcurl-errors.html)
[2025-01-31 23:39:23] An Update of Monkeypox Outbreak in Nigeria_220224_8.pdf - cURL error 6: Could not resolve host: ncdc.gov.ng (see https://curl.haxx.se/libcurl/c/libcurl-errors.html)
[2025-01-31 23:39:28] An Update of Monkeypox Outbreak in Nigeria_250124_4.pdf - cURL error 6: Could not resolve host: ncdc.gov.ng (see https://curl.haxx.se/libcurl/c/libcurl-errors.html)
[2025-01-31 23:39:33] An Update of Monkeypox Outbreak in Nigeria_211223_52.pdf - cURL error 6: Could not resolve host: ncdc.gov.ng (see https://curl.haxx.se/libcurl/c/libcurl-errors.html)
[2025-01-31 23:39:38] An Update of Monkeypox Outbreak in Nigeria_141223_51.pdf - cURL error 6: Could not resolve host: ncdc.gov.ng (see https://curl.haxx.se/libcurl/c/libcurl-errors.html)
[2025-01-31 23:39:43] An Update of Monkeypox Outbreak in Nigeria_071223_50.pdf - cURL error 6: Could not resolve host: ncdc.gov.ng (see https://curl.haxx.se/libcurl/c/libcurl-errors.html)
[2025-01-31 23:39:48] An Update of Monkeypox Outbreak in Nigeria_301123_49.pdf - cURL error 6: Could not resolve host: ncdc.gov.ng (see https://curl.haxx.se/libcurl/c/libcurl-errors.html)
[2025-01-31 23:39:53] An Update of Monkeypox Outbreak in Nigeria_231123_48.pdf - cURL error 6: Could not resolve host: ncdc.gov.ng (see https://curl.haxx.se/libcurl/c/libcurl-errors.html)
[2025-01-31 23:39:58] An Update of Monkeypox Outbreak in Nigeria_161123_47.pdf - cURL error 6: Could not resolve host: ncdc.gov.ng (see https://curl.haxx.se/libcurl/c/libcurl-errors.html)
[2025-01-31 23:40:03] An Update of Monkeypox Outbreak in Nigeria_091123_46.pdf - cURL error 6: Could not resolve host: ncdc.gov.ng (see https://curl.haxx.se/libcurl/c/libcurl-errors.html)
[2025-01-31 23:40:08] An Update of Monkeypox Outbreak in Nigeria_021123_45.pdf - cURL error 6: Could not resolve host: ncdc.gov.ng (see https://curl.haxx.se/libcurl/c/libcurl-errors.html)
[2025-01-31 23:40:13] An Update of Monkeypox Outbreak in Nigeria_261023_44.pdf - cURL error 6: Could not resolve host: ncdc.gov.ng (see https://curl.haxx.se/libcurl/c/libcurl-errors.html)
[2025-01-31 23:40:18] An Update of Monkeypox Outbreak in Nigeria_191023_43.pdf - cURL error 6: Could not resolve host: ncdc.gov.ng (see https://curl.haxx.se/libcurl/c/libcurl-errors.html)
[2025-01-31 23:40:24] An Update of Monkeypox Outbreak in Nigeria_121023_42.pdf - cURL error 6: Could not resolve host: ncdc.gov.ng (see https://curl.haxx.se/libcurl/c/libcurl-errors.html)
[2025-01-31 23:40:29] An Update of Monkeypox Outbreak in Nigeria_051023_41.pdf - cURL error 6: Could not resolve host: ncdc.gov.ng (see https://curl.haxx.se/libcurl/c/libcurl-errors.html)
[2025-01-31 23:40:34] An Update of Monkeypox Outbreak in Nigeria_280923_40.pdf - cURL error 6: Could not resolve host: ncdc.gov.ng (see https://curl.haxx.se/libcurl/c/libcurl-errors.html)
[2025-01-31 23:40:39] An Update of Monkeypox Outbreak in Nigeria_210923_39.pdf - cURL error 6: Could not resolve host: ncdc.gov.ng (see https://curl.haxx.se/libcurl/c/libcurl-errors.html)
[2025-01-31 23:40:44] An Update of Monkeypox Outbreak in Nigeria_140923_38.pdf - cURL error 6: Could not resolve host: ncdc.gov.ng (see https://curl.haxx.se/libcurl/c/libcurl-errors.html)
[2025-01-31 23:40:50] An Update of Monkeypox Outbreak in Nigeria_070923_37.pdf - cURL error 6: Could not resolve host: ncdc.gov.ng (see https://curl.haxx.se/libcurl/c/libcurl-errors.html)
[2025-01-31 23:40:55] An Update of Monkeypox Outbreak in Nigeria_310823_36.pdf - cURL error 6: Could not resolve host: ncdc.gov.ng (see https://curl.haxx.se/libcurl/c/libcurl-errors.html)
[2025-01-31 23:42:44] An Update of Monkeypox Outbreak in Nigeria_130723_29.pdf - cURL error 28: Operation timed out after 30000 milliseconds with 553655644192768 out of 13710785444315136 bytes received (see https://curl.haxx.se/libcurl/c/libcurl-errors.html)
[2025-01-31 23:44:00] An Update of Monkeypox Outbreak in Nigeria_080623_24.pdf - cURL error 28: Operation timed out after 30000 milliseconds with 1960948923367424 out of 15046842395918336 bytes received (see https://curl.haxx.se/libcurl/c/libcurl-errors.html)
[2025-01-31 23:44:57] An Update of Monkeypox Outbreak in Nigeria_250523_22.pdf - cURL error 28: Operation timed out after 30000 milliseconds with 2735091008667648 out of 13740571042512896 bytes received (see https://curl.haxx.se/libcurl/c/libcurl-errors.html)
[2025-01-31 23:47:57] An Update of Monkeypox Outbreak in Nigeria_020323_10.pdf - cURL error 28: Operation timed out after 30016 milliseconds with 0 bytes received (see https://curl.haxx.se/libcurl/c/libcurl-errors.html)
[2025-01-31 23:49:31] An Update of Monkeypox Outbreak in Nigeria_260123_5.pdf - cURL error 28: Operation timed out after 30015 milliseconds with 0 bytes received (see https://curl.haxx.se/libcurl/c/libcurl-errors.html)
[2025-01-31 23:49:58] An Update of Monkeypox Outbreak in Nigeria_190123_4.pdf - cURL error 7: Failed to connect to ncdc.gov.ng port 443: Timed out (see https://curl.haxx.se/libcurl/c/libcurl-errors.html)
[2025-01-31 23:50:26] An Update of Monkeypox Outbreak in Nigeria_120123_3.pdf - cURL error 7: Failed to connect to ncdc.gov.ng port 443: Timed out (see https://curl.haxx.se/libcurl/c/libcurl-errors.html)
[2025-01-31 23:52:56] An Update of Monkeypox Outbreak in Nigeria_201022_43.pdf - cURL error 28: Operation timed out after 30015 milliseconds with 1890683258404864 out of 1914339938271232 bytes received (see https://curl.haxx.se/libcurl/c/libcurl-errors.html)
[2025-01-31 23:55:30] An Update of Monkeypox Outbreak in Nigeria_280722_31.pdf - cURL error 28: Operation timed out after 30000 milliseconds with 1046241148403712 out of 2088780034998272 bytes received (see https://curl.haxx.se/libcurl/c/libcurl-errors.html)
[2025-01-31 23:57:01] An Update of Monkeypox Outbreak in Nigeria_160622_25.pdf - cURL error 28: Operation timed out after 30000 milliseconds with 0 bytes received (see https://curl.haxx.se/libcurl/c/libcurl-errors.html)
[2025-01-31 23:57:42] An Update of Monkeypox Outbreak in Nigeria_260322_13.pdf - Client error: `GET https://ncdc.gov.ng/themes/common/files/sitreps/39d7b83db155dca85c92a18d014a2ae3.pdf` resulted in a `404 Not Found` response:
<!DOCTYPE HTML PUBLIC "-//IETF//DTD HTML 2.0//EN">
<html><head>
<title>404 Not Found</title>
</head><body>
<h1>Not Found (truncated...)

[2025-01-31 23:58:45] An Update of Monkeypox Outbreak in Nigeria_230721_30.pdf - Client error: `GET https://ncdc.gov.ng/themes/common/files/sitreps/d2be663e556fe0be77fe8ca43f48af3f.pdf` resulted in a `404 Not Found` response:
<!DOCTYPE HTML PUBLIC "-//IETF//DTD HTML 2.0//EN">
<html><head>
<title>404 Not Found</title>
</head><body>
<h1>Not Found (truncated...)

[2025-02-01 00:05:39] An Update of Monkeypox Outbreak in Nigeria_021123_45.pdf - cURL error 28: Operation timed out after 30000 milliseconds with 30530676239368192 out of 34977758392090624 bytes received (see https://curl.haxx.se/libcurl/c/libcurl-errors.html)
